<?xml version="1.0" encoding="UTF-8"?>
<testng-results skipped="0" failed="0" total="1" passed="1">
  <reporter-output>
  </reporter-output>
  <suite name="sanity suite" duration-ms="4171" started-at="2020-07-14T05:26:04Z" finished-at="2020-07-14T05:26:09Z">
    <groups>
    </groups>
    <test name="test1" duration-ms="4171" started-at="2020-07-14T05:26:04Z" finished-at="2020-07-14T05:26:09Z">
      <class name="com.product.tests.MenuTests">
        <test-method status="PASS" signature="setup()[pri:0, instance:com.product.tests.MenuTests@71be98f5]" name="setup" is-config="true" duration-ms="3388" started-at="2020-07-14T10:56:04Z" finished-at="2020-07-14T10:56:08Z">
          <reporter-output>
          </reporter-output>
        </test-method> <!-- setup -->
        <test-method status="PASS" signature="validateAboutUs()[pri:0, instance:com.product.tests.MenuTests@71be98f5]" name="validateAboutUs" duration-ms="191" started-at="2020-07-14T10:56:08Z" finished-at="2020-07-14T10:56:08Z">
          <reporter-output>
          </reporter-output>
        </test-method> <!-- validateAboutUs -->
        <test-method status="PASS" signature="teardown()[pri:0, instance:com.product.tests.MenuTests@71be98f5]" name="teardown" is-config="true" duration-ms="583" started-at="2020-07-14T10:56:08Z" finished-at="2020-07-14T10:56:09Z">
          <reporter-output>
          </reporter-output>
        </test-method> <!-- teardown -->
      </class> <!-- com.product.tests.MenuTests -->
    </test> <!-- test1 -->
  </suite> <!-- sanity suite -->
</testng-results>
