<?xml version="1.0" encoding="UTF-8"?>
<testng-results skipped="0" failed="0" total="1" passed="1">
  <reporter-output>
  </reporter-output>
  <suite name="sanity suite" duration-ms="5190" started-at="2020-07-07T03:42:00Z" finished-at="2020-07-07T03:42:05Z">
    <groups>
    </groups>
    <test name="test1" duration-ms="5190" started-at="2020-07-07T03:42:00Z" finished-at="2020-07-07T03:42:05Z">
      <class name="com.product.tests.MenuTests">
        <test-method status="PASS" signature="setup()[pri:0, instance:com.product.tests.MenuTests@35851384]" name="setup" is-config="true" duration-ms="4146" started-at="2020-07-07T09:12:00Z" finished-at="2020-07-07T09:12:04Z">
          <reporter-output>
          </reporter-output>
        </test-method> <!-- setup -->
        <test-method status="PASS" signature="validateAboutUs()[pri:0, instance:com.product.tests.MenuTests@35851384]" name="validateAboutUs" duration-ms="360" started-at="2020-07-07T09:12:04Z" finished-at="2020-07-07T09:12:04Z">
          <reporter-output>
          </reporter-output>
        </test-method> <!-- validateAboutUs -->
        <test-method status="PASS" signature="teardown()[pri:0, instance:com.product.tests.MenuTests@35851384]" name="teardown" is-config="true" duration-ms="655" started-at="2020-07-07T09:12:04Z" finished-at="2020-07-07T09:12:05Z">
          <reporter-output>
          </reporter-output>
        </test-method> <!-- teardown -->
      </class> <!-- com.product.tests.MenuTests -->
    </test> <!-- test1 -->
  </suite> <!-- sanity suite -->
</testng-results>
